<?xml version="1.0" encoding="UTF-8"?>
<!-- Generated by org.testng.reporters.JUnitReportReporter -->
<testsuite hostname="DESKTOP-GDFIP89" name="qsp.D1" tests="1" failures="0" timestamp="20 Aug 2019 15:08:00 GMT" time="8.697" errors="0">
  <testcase name="test1" time="8.697" classname="qsp.D1"/>
</testsuite> <!-- qsp.D1 -->
